<?xml version="1.0" encoding="UTF-8"?>
<ReportFolder xmlns="http://soap.sforce.com/2006/04/metadata">
    <folderShares>
        <accessLevel>Manage</accessLevel>
        <sharedTo>prasanna.ranganparthiban@cummins.com</sharedTo>
        <sharedToType>User</sharedToType>
    </folderShares>
    <folderShares>
        <accessLevel>Manage</accessLevel>
        <sharedTo>priyanka.s@cummins.com</sharedTo>
        <sharedToType>User</sharedToType>
    </folderShares>
    <name>test</name>
</ReportFolder>
